<?xml version="1.0" encoding="UTF-8"?>
<!-- Generated by org.testng.reporters.JUnitReportReporter -->
<testsuite hostname="DESKTOP-81F39U9" failures="0" tests="1" name="com.actitime.testscript.Verify" time="3.025" errors="0" timestamp="2023-07-12T18:03:02 IST" skipped="0">
  <testcase classname="com.actitime.testscript.Verify" name="verifyTitle" time="3.025"/>
</testsuite> <!-- com.actitime.testscript.Verify -->
