<?xml version="1.0" encoding="UTF-8"?>
<!-- Generated by org.testng.reporters.JUnitReportReporter -->
<testsuite hostname="DESKTOP-81F39U9" failures="0" tests="1" name="qsp.DemoScreen" time="4.290" errors="0" timestamp="2023-07-13T10:58:18 IST" skipped="0">
  <testcase classname="qsp.DemoScreen" name="DemoScreen" time="4.290"/>
</testsuite> <!-- qsp.DemoScreen -->
