<?xml version="1.0" encoding="UTF-8"?>
<!-- Generated by org.testng.reporters.JUnitReportReporter -->
<testsuite hostname="DESKTOP-81F39U9" failures="0" tests="1" name="qsp.DemoScreenShot" time="3.350" errors="0" timestamp="2023-07-12T17:11:36 IST" skipped="0">
  <testcase classname="qsp.DemoScreenShot" name="scrn" time="3.350"/>
  <system-out>
    <![CDATA[mc
openbrowse
login
logout
closebrowse
wc]]>
  </system-out>
</testsuite> <!-- qsp.DemoScreenShot -->
