<?xml version="1.0" encoding="UTF-8"?>
<!-- Generated by org.testng.reporters.JUnitReportReporter -->
<testsuite hostname="DESKTOP-81F39U9" failures="0" tests="1" name="com.actitime.testscript.DemoTest" time="0.002" errors="0" timestamp="2023-07-12T17:11:36 IST" skipped="0">
  <testcase classname="com.actitime.testscript.DemoTest" name="demo" time="0.002">
    <system-out>
      <![CDATA[wc]]>
    </system-out>
  </testcase> <!-- demo -->
  <system-out>
    <![CDATA[mc
openbrowse
login
logout
closebrowse
wc]]>
  </system-out>
</testsuite> <!-- com.actitime.testscript.DemoTest -->
