<?xml version="1.0" encoding="UTF-8"?>
<!-- Generated by org.testng.reporters.JUnitReportReporter -->
<testsuite hostname="DESKTOP-81F39U9" failures="0" tests="1" name="com.actitime.testscript.CustomerModule" time="25.758" errors="0" timestamp="2023-07-12T17:11:36 IST" skipped="0">
  <testcase classname="com.actitime.testscript.CustomerModule" name="createCustomer" time="25.758"/>
  <system-out>
    <![CDATA[mc
openbrowse
login
logout
closebrowse
wc]]>
  </system-out>
</testsuite> <!-- com.actitime.testscript.CustomerModule -->
